<?xml version="1.0" encoding="UTF-8"?>
<!-- Generated by org.testng.reporters.JUnitXMLReporter -->
<testsuite hostname="LAPTOP-D34DC2QJ" name="Test" tests="5" failures="1" timestamp="30 Jul 2020 23:53:53 GMT" time="27.097" errors="0">
  <testcase name="failed_TC1" time="0.148" classname="com.busyqa.batch16.uitests.testCases.TC01_LoginTest">
    <failure type="java.lang.AssertionError" message="expected [true] but found [false]">
      <![CDATA[java.lang.AssertionError: expected [true] but found [false]
	at com.busyqa.batch16.uitests.testCases.TC01_LoginTest.failed_TC1(TC01_LoginTest.java:175)
	at java.util.concurrent.FutureTask.run(FutureTask.java:266)
	at java.util.concurrent.ThreadPoolExecutor.runWorker(ThreadPoolExecutor.java:1149)
	at java.util.concurrent.ThreadPoolExecutor$Worker.run(ThreadPoolExecutor.java:624)
	at java.lang.Thread.run(Thread.java:748)
... Removed 21 stack frames]]>
    </failure>
  </testcase> <!-- failed_TC1 -->
  <testcase name="loginTest01" time="3.782" classname="com.busyqa.batch16.uitests.testCases.TC01_LoginTest"/>
  <testcase name="loginTest02" time="1.813" classname="com.busyqa.batch16.uitests.testCases.TC01_LoginTest"/>
  <testcase name="loginTest03" time="1.832" classname="com.busyqa.batch16.uitests.testCases.TC01_LoginTest"/>
  <testcase name="loginTest04" time="7.085" classname="com.busyqa.batch16.uitests.testCases.TC01_LoginTest"/>
</testsuite> <!-- Test -->
